ARM GAS  C:\Users\samoc\AppData\Local\Temp\ccdyr6bN.s 			page 1


   1              		.cpu cortex-m3
   2              		.eabi_attribute 20, 1
   3              		.eabi_attribute 21, 1
   4              		.eabi_attribute 23, 3
   5              		.eabi_attribute 24, 1
   6              		.eabi_attribute 25, 1
   7              		.eabi_attribute 26, 1
   8              		.eabi_attribute 30, 1
   9              		.eabi_attribute 34, 1
  10              		.eabi_attribute 18, 4
  11              		.file	"gpio.c"
  12              		.text
  13              	.Ltext0:
  14              		.cfi_sections	.debug_frame
  15              		.section	.text.MX_GPIO_Init,"ax",%progbits
  16              		.align	1
  17              		.global	MX_GPIO_Init
  18              		.arch armv7-m
  19              		.syntax unified
  20              		.thumb
  21              		.thumb_func
  22              		.fpu softvfp
  24              	MX_GPIO_Init:
  25              	.LFB65:
  26              		.file 1 "Core/Src/gpio.c"
   1:Core/Src/gpio.c **** /* USER CODE BEGIN Header */
   2:Core/Src/gpio.c **** /**
   3:Core/Src/gpio.c ****   ******************************************************************************
   4:Core/Src/gpio.c ****   * @file    gpio.c
   5:Core/Src/gpio.c ****   * @brief   This file provides code for the configuration
   6:Core/Src/gpio.c ****   *          of all used GPIO pins.
   7:Core/Src/gpio.c ****   ******************************************************************************
   8:Core/Src/gpio.c ****   * @attention
   9:Core/Src/gpio.c ****   *
  10:Core/Src/gpio.c ****   * Copyright (c) 2022 STMicroelectronics.
  11:Core/Src/gpio.c ****   * All rights reserved.
  12:Core/Src/gpio.c ****   *
  13:Core/Src/gpio.c ****   * This software is licensed under terms that can be found in the LICENSE file
  14:Core/Src/gpio.c ****   * in the root directory of this software component.
  15:Core/Src/gpio.c ****   * If no LICENSE file comes with this software, it is provided AS-IS.
  16:Core/Src/gpio.c ****   *
  17:Core/Src/gpio.c ****   ******************************************************************************
  18:Core/Src/gpio.c ****   */
  19:Core/Src/gpio.c **** /* USER CODE END Header */
  20:Core/Src/gpio.c **** 
  21:Core/Src/gpio.c **** /* Includes ------------------------------------------------------------------*/
  22:Core/Src/gpio.c **** #include "gpio.h"
  23:Core/Src/gpio.c **** 
  24:Core/Src/gpio.c **** /* USER CODE BEGIN 0 */
  25:Core/Src/gpio.c **** 
  26:Core/Src/gpio.c **** /* USER CODE END 0 */
  27:Core/Src/gpio.c **** 
  28:Core/Src/gpio.c **** /*----------------------------------------------------------------------------*/
  29:Core/Src/gpio.c **** /* Configure GPIO                                                             */
  30:Core/Src/gpio.c **** /*----------------------------------------------------------------------------*/
  31:Core/Src/gpio.c **** /* USER CODE BEGIN 1 */
  32:Core/Src/gpio.c **** 
ARM GAS  C:\Users\samoc\AppData\Local\Temp\ccdyr6bN.s 			page 2


  33:Core/Src/gpio.c **** /* USER CODE END 1 */
  34:Core/Src/gpio.c **** 
  35:Core/Src/gpio.c **** /** Configure pins as
  36:Core/Src/gpio.c ****         * Analog
  37:Core/Src/gpio.c ****         * Input
  38:Core/Src/gpio.c ****         * Output
  39:Core/Src/gpio.c ****         * EVENT_OUT
  40:Core/Src/gpio.c ****         * EXTI
  41:Core/Src/gpio.c **** */
  42:Core/Src/gpio.c **** void MX_GPIO_Init(void)
  43:Core/Src/gpio.c **** {
  27              		.loc 1 43 1 view -0
  28              		.cfi_startproc
  29              		@ args = 0, pretend = 0, frame = 32
  30              		@ frame_needed = 0, uses_anonymous_args = 0
  31 0000 2DE9F043 		push	{r4, r5, r6, r7, r8, r9, lr}
  32              	.LCFI0:
  33              		.cfi_def_cfa_offset 28
  34              		.cfi_offset 4, -28
  35              		.cfi_offset 5, -24
  36              		.cfi_offset 6, -20
  37              		.cfi_offset 7, -16
  38              		.cfi_offset 8, -12
  39              		.cfi_offset 9, -8
  40              		.cfi_offset 14, -4
  41 0004 89B0     		sub	sp, sp, #36
  42              	.LCFI1:
  43              		.cfi_def_cfa_offset 64
  44:Core/Src/gpio.c **** 
  45:Core/Src/gpio.c ****   GPIO_InitTypeDef GPIO_InitStruct = {0};
  44              		.loc 1 45 3 view .LVU1
  45              		.loc 1 45 20 is_stmt 0 view .LVU2
  46 0006 0024     		movs	r4, #0
  47 0008 0494     		str	r4, [sp, #16]
  48 000a 0594     		str	r4, [sp, #20]
  49 000c 0694     		str	r4, [sp, #24]
  50 000e 0794     		str	r4, [sp, #28]
  46:Core/Src/gpio.c **** 
  47:Core/Src/gpio.c ****   /* GPIO Ports Clock Enable */
  48:Core/Src/gpio.c ****   __HAL_RCC_GPIOC_CLK_ENABLE();
  51              		.loc 1 48 3 is_stmt 1 view .LVU3
  52              	.LBB2:
  53              		.loc 1 48 3 view .LVU4
  54              		.loc 1 48 3 view .LVU5
  55 0010 324B     		ldr	r3, .L3
  56 0012 9A69     		ldr	r2, [r3, #24]
  57 0014 42F01002 		orr	r2, r2, #16
  58 0018 9A61     		str	r2, [r3, #24]
  59              		.loc 1 48 3 view .LVU6
  60 001a 9A69     		ldr	r2, [r3, #24]
  61 001c 02F01002 		and	r2, r2, #16
  62 0020 0092     		str	r2, [sp]
  63              		.loc 1 48 3 view .LVU7
  64 0022 009A     		ldr	r2, [sp]
  65              	.LBE2:
  66              		.loc 1 48 3 view .LVU8
  49:Core/Src/gpio.c ****   __HAL_RCC_GPIOD_CLK_ENABLE();
ARM GAS  C:\Users\samoc\AppData\Local\Temp\ccdyr6bN.s 			page 3


  67              		.loc 1 49 3 view .LVU9
  68              	.LBB3:
  69              		.loc 1 49 3 view .LVU10
  70              		.loc 1 49 3 view .LVU11
  71 0024 9A69     		ldr	r2, [r3, #24]
  72 0026 42F02002 		orr	r2, r2, #32
  73 002a 9A61     		str	r2, [r3, #24]
  74              		.loc 1 49 3 view .LVU12
  75 002c 9A69     		ldr	r2, [r3, #24]
  76 002e 02F02002 		and	r2, r2, #32
  77 0032 0192     		str	r2, [sp, #4]
  78              		.loc 1 49 3 view .LVU13
  79 0034 019A     		ldr	r2, [sp, #4]
  80              	.LBE3:
  81              		.loc 1 49 3 view .LVU14
  50:Core/Src/gpio.c ****   __HAL_RCC_GPIOA_CLK_ENABLE();
  82              		.loc 1 50 3 view .LVU15
  83              	.LBB4:
  84              		.loc 1 50 3 view .LVU16
  85              		.loc 1 50 3 view .LVU17
  86 0036 9A69     		ldr	r2, [r3, #24]
  87 0038 42F00402 		orr	r2, r2, #4
  88 003c 9A61     		str	r2, [r3, #24]
  89              		.loc 1 50 3 view .LVU18
  90 003e 9A69     		ldr	r2, [r3, #24]
  91 0040 02F00402 		and	r2, r2, #4
  92 0044 0292     		str	r2, [sp, #8]
  93              		.loc 1 50 3 view .LVU19
  94 0046 029A     		ldr	r2, [sp, #8]
  95              	.LBE4:
  96              		.loc 1 50 3 view .LVU20
  51:Core/Src/gpio.c ****   __HAL_RCC_GPIOB_CLK_ENABLE();
  97              		.loc 1 51 3 view .LVU21
  98              	.LBB5:
  99              		.loc 1 51 3 view .LVU22
 100              		.loc 1 51 3 view .LVU23
 101 0048 9A69     		ldr	r2, [r3, #24]
 102 004a 42F00802 		orr	r2, r2, #8
 103 004e 9A61     		str	r2, [r3, #24]
 104              		.loc 1 51 3 view .LVU24
 105 0050 9B69     		ldr	r3, [r3, #24]
 106 0052 03F00803 		and	r3, r3, #8
 107 0056 0393     		str	r3, [sp, #12]
 108              		.loc 1 51 3 view .LVU25
 109 0058 039B     		ldr	r3, [sp, #12]
 110              	.LBE5:
 111              		.loc 1 51 3 view .LVU26
  52:Core/Src/gpio.c **** 
  53:Core/Src/gpio.c ****   /*Configure GPIO pin Output Level */
  54:Core/Src/gpio.c ****   HAL_GPIO_WritePin(led_GPIO_Port, led_Pin, GPIO_PIN_RESET);
 112              		.loc 1 54 3 view .LVU27
 113 005a DFF88890 		ldr	r9, .L3+8
 114 005e 2246     		mov	r2, r4
 115 0060 4FF40051 		mov	r1, #8192
 116 0064 4846     		mov	r0, r9
 117 0066 FFF7FEFF 		bl	HAL_GPIO_WritePin
 118              	.LVL0:
ARM GAS  C:\Users\samoc\AppData\Local\Temp\ccdyr6bN.s 			page 4


  55:Core/Src/gpio.c **** 
  56:Core/Src/gpio.c ****   /*Configure GPIO pin Output Level */
  57:Core/Src/gpio.c ****   HAL_GPIO_WritePin(GPIOA, GPIO_PIN_2|GPIO_PIN_3|GPIO_PIN_4|GPIO_PIN_5
 119              		.loc 1 57 3 view .LVU28
 120 006a DFF87C80 		ldr	r8, .L3+12
 121 006e 2246     		mov	r2, r4
 122 0070 FC21     		movs	r1, #252
 123 0072 4046     		mov	r0, r8
 124 0074 FFF7FEFF 		bl	HAL_GPIO_WritePin
 125              	.LVL1:
  58:Core/Src/gpio.c ****                           |GPIO_PIN_6|GPIO_PIN_7, GPIO_PIN_RESET);
  59:Core/Src/gpio.c **** 
  60:Core/Src/gpio.c ****   /*Configure GPIO pin Output Level */
  61:Core/Src/gpio.c ****   HAL_GPIO_WritePin(GPIOB, GPIO_PIN_0|GPIO_PIN_1|GPIO_PIN_2|GPIO_PIN_10
 126              		.loc 1 61 3 view .LVU29
 127 0078 194D     		ldr	r5, .L3+4
 128 007a 2246     		mov	r2, r4
 129 007c 4FF62741 		movw	r1, #64551
 130 0080 2846     		mov	r0, r5
 131 0082 FFF7FEFF 		bl	HAL_GPIO_WritePin
 132              	.LVL2:
  62:Core/Src/gpio.c ****                           |GPIO_PIN_11|GPIO_PIN_12|GPIO_PIN_13|GPIO_PIN_14
  63:Core/Src/gpio.c ****                           |GPIO_PIN_15|GPIO_PIN_5, GPIO_PIN_RESET);
  64:Core/Src/gpio.c **** 
  65:Core/Src/gpio.c ****   /*Configure GPIO pin : PtPin */
  66:Core/Src/gpio.c ****   GPIO_InitStruct.Pin = led_Pin;
 133              		.loc 1 66 3 view .LVU30
 134              		.loc 1 66 23 is_stmt 0 view .LVU31
 135 0086 4FF40053 		mov	r3, #8192
 136 008a 0493     		str	r3, [sp, #16]
  67:Core/Src/gpio.c ****   GPIO_InitStruct.Mode = GPIO_MODE_OUTPUT_PP;
 137              		.loc 1 67 3 is_stmt 1 view .LVU32
 138              		.loc 1 67 24 is_stmt 0 view .LVU33
 139 008c 0127     		movs	r7, #1
 140 008e 0597     		str	r7, [sp, #20]
  68:Core/Src/gpio.c ****   GPIO_InitStruct.Pull = GPIO_NOPULL;
 141              		.loc 1 68 3 is_stmt 1 view .LVU34
 142              		.loc 1 68 24 is_stmt 0 view .LVU35
 143 0090 0694     		str	r4, [sp, #24]
  69:Core/Src/gpio.c ****   GPIO_InitStruct.Speed = GPIO_SPEED_FREQ_LOW;
 144              		.loc 1 69 3 is_stmt 1 view .LVU36
 145              		.loc 1 69 25 is_stmt 0 view .LVU37
 146 0092 0226     		movs	r6, #2
 147 0094 0796     		str	r6, [sp, #28]
  70:Core/Src/gpio.c ****   HAL_GPIO_Init(led_GPIO_Port, &GPIO_InitStruct);
 148              		.loc 1 70 3 is_stmt 1 view .LVU38
 149 0096 04A9     		add	r1, sp, #16
 150 0098 4846     		mov	r0, r9
 151 009a FFF7FEFF 		bl	HAL_GPIO_Init
 152              	.LVL3:
  71:Core/Src/gpio.c **** 
  72:Core/Src/gpio.c ****   /*Configure GPIO pins : PA2 PA3 PA4 PA5
  73:Core/Src/gpio.c ****                            PA6 PA7 */
  74:Core/Src/gpio.c ****   GPIO_InitStruct.Pin = GPIO_PIN_2|GPIO_PIN_3|GPIO_PIN_4|GPIO_PIN_5
 153              		.loc 1 74 3 view .LVU39
 154              		.loc 1 74 23 is_stmt 0 view .LVU40
 155 009e FC23     		movs	r3, #252
ARM GAS  C:\Users\samoc\AppData\Local\Temp\ccdyr6bN.s 			page 5


 156 00a0 0493     		str	r3, [sp, #16]
  75:Core/Src/gpio.c ****                           |GPIO_PIN_6|GPIO_PIN_7;
  76:Core/Src/gpio.c ****   GPIO_InitStruct.Mode = GPIO_MODE_OUTPUT_PP;
 157              		.loc 1 76 3 is_stmt 1 view .LVU41
 158              		.loc 1 76 24 is_stmt 0 view .LVU42
 159 00a2 0597     		str	r7, [sp, #20]
  77:Core/Src/gpio.c ****   GPIO_InitStruct.Pull = GPIO_NOPULL;
 160              		.loc 1 77 3 is_stmt 1 view .LVU43
 161              		.loc 1 77 24 is_stmt 0 view .LVU44
 162 00a4 0694     		str	r4, [sp, #24]
  78:Core/Src/gpio.c ****   GPIO_InitStruct.Speed = GPIO_SPEED_FREQ_LOW;
 163              		.loc 1 78 3 is_stmt 1 view .LVU45
 164              		.loc 1 78 25 is_stmt 0 view .LVU46
 165 00a6 0796     		str	r6, [sp, #28]
  79:Core/Src/gpio.c ****   HAL_GPIO_Init(GPIOA, &GPIO_InitStruct);
 166              		.loc 1 79 3 is_stmt 1 view .LVU47
 167 00a8 04A9     		add	r1, sp, #16
 168 00aa 4046     		mov	r0, r8
 169 00ac FFF7FEFF 		bl	HAL_GPIO_Init
 170              	.LVL4:
  80:Core/Src/gpio.c **** 
  81:Core/Src/gpio.c ****   /*Configure GPIO pins : PB0 PB1 PB2 PB10
  82:Core/Src/gpio.c ****                            PB11 PB12 PB13 PB14
  83:Core/Src/gpio.c ****                            PB15 PB5 */
  84:Core/Src/gpio.c ****   GPIO_InitStruct.Pin = GPIO_PIN_0|GPIO_PIN_1|GPIO_PIN_2|GPIO_PIN_10
 171              		.loc 1 84 3 view .LVU48
 172              		.loc 1 84 23 is_stmt 0 view .LVU49
 173 00b0 4FF62743 		movw	r3, #64551
 174 00b4 0493     		str	r3, [sp, #16]
  85:Core/Src/gpio.c ****                           |GPIO_PIN_11|GPIO_PIN_12|GPIO_PIN_13|GPIO_PIN_14
  86:Core/Src/gpio.c ****                           |GPIO_PIN_15|GPIO_PIN_5;
  87:Core/Src/gpio.c ****   GPIO_InitStruct.Mode = GPIO_MODE_OUTPUT_PP;
 175              		.loc 1 87 3 is_stmt 1 view .LVU50
 176              		.loc 1 87 24 is_stmt 0 view .LVU51
 177 00b6 0597     		str	r7, [sp, #20]
  88:Core/Src/gpio.c ****   GPIO_InitStruct.Pull = GPIO_NOPULL;
 178              		.loc 1 88 3 is_stmt 1 view .LVU52
 179              		.loc 1 88 24 is_stmt 0 view .LVU53
 180 00b8 0694     		str	r4, [sp, #24]
  89:Core/Src/gpio.c ****   GPIO_InitStruct.Speed = GPIO_SPEED_FREQ_LOW;
 181              		.loc 1 89 3 is_stmt 1 view .LVU54
 182              		.loc 1 89 25 is_stmt 0 view .LVU55
 183 00ba 0796     		str	r6, [sp, #28]
  90:Core/Src/gpio.c ****   HAL_GPIO_Init(GPIOB, &GPIO_InitStruct);
 184              		.loc 1 90 3 is_stmt 1 view .LVU56
 185 00bc 04A9     		add	r1, sp, #16
 186 00be 2846     		mov	r0, r5
 187 00c0 FFF7FEFF 		bl	HAL_GPIO_Init
 188              	.LVL5:
  91:Core/Src/gpio.c **** 
  92:Core/Src/gpio.c ****   /*Configure GPIO pins : PB8 PB9 */
  93:Core/Src/gpio.c ****   GPIO_InitStruct.Pin = GPIO_PIN_8|GPIO_PIN_9;
 189              		.loc 1 93 3 view .LVU57
 190              		.loc 1 93 23 is_stmt 0 view .LVU58
 191 00c4 4FF44073 		mov	r3, #768
 192 00c8 0493     		str	r3, [sp, #16]
  94:Core/Src/gpio.c ****   GPIO_InitStruct.Mode = GPIO_MODE_INPUT;
ARM GAS  C:\Users\samoc\AppData\Local\Temp\ccdyr6bN.s 			page 6


 193              		.loc 1 94 3 is_stmt 1 view .LVU59
 194              		.loc 1 94 24 is_stmt 0 view .LVU60
 195 00ca 0594     		str	r4, [sp, #20]
  95:Core/Src/gpio.c ****   GPIO_InitStruct.Pull = GPIO_NOPULL;
 196              		.loc 1 95 3 is_stmt 1 view .LVU61
 197              		.loc 1 95 24 is_stmt 0 view .LVU62
 198 00cc 0694     		str	r4, [sp, #24]
  96:Core/Src/gpio.c ****   HAL_GPIO_Init(GPIOB, &GPIO_InitStruct);
 199              		.loc 1 96 3 is_stmt 1 view .LVU63
 200 00ce 04A9     		add	r1, sp, #16
 201 00d0 2846     		mov	r0, r5
 202 00d2 FFF7FEFF 		bl	HAL_GPIO_Init
 203              	.LVL6:
  97:Core/Src/gpio.c **** 
  98:Core/Src/gpio.c **** }
 204              		.loc 1 98 1 is_stmt 0 view .LVU64
 205 00d6 09B0     		add	sp, sp, #36
 206              	.LCFI2:
 207              		.cfi_def_cfa_offset 28
 208              		@ sp needed
 209 00d8 BDE8F083 		pop	{r4, r5, r6, r7, r8, r9, pc}
 210              	.L4:
 211              		.align	2
 212              	.L3:
 213 00dc 00100240 		.word	1073876992
 214 00e0 000C0140 		.word	1073810432
 215 00e4 00100140 		.word	1073811456
 216 00e8 00080140 		.word	1073809408
 217              		.cfi_endproc
 218              	.LFE65:
 220              		.text
 221              	.Letext0:
 222              		.file 2 "c:\\users\\samoc\\.vscode\\extensions\\buzzyelectronics.stm-helper-1.2.9\\armgcc\\arm-non
 223              		.file 3 "c:\\users\\samoc\\.vscode\\extensions\\buzzyelectronics.stm-helper-1.2.9\\armgcc\\arm-non
 224              		.file 4 "Drivers/CMSIS/Include/core_cm3.h"
 225              		.file 5 "Drivers/CMSIS/Device/ST/STM32F1xx/Include/system_stm32f1xx.h"
 226              		.file 6 "Drivers/CMSIS/Device/ST/STM32F1xx/Include/stm32f103xb.h"
 227              		.file 7 "Drivers/STM32F1xx_HAL_Driver/Inc/stm32f1xx_hal_gpio.h"
 228              		.file 8 "Drivers/STM32F1xx_HAL_Driver/Inc/stm32f1xx_hal.h"
ARM GAS  C:\Users\samoc\AppData\Local\Temp\ccdyr6bN.s 			page 7


DEFINED SYMBOLS
                            *ABS*:0000000000000000 gpio.c
C:\Users\samoc\AppData\Local\Temp\ccdyr6bN.s:16     .text.MX_GPIO_Init:0000000000000000 $t
C:\Users\samoc\AppData\Local\Temp\ccdyr6bN.s:24     .text.MX_GPIO_Init:0000000000000000 MX_GPIO_Init
C:\Users\samoc\AppData\Local\Temp\ccdyr6bN.s:213    .text.MX_GPIO_Init:00000000000000dc $d

UNDEFINED SYMBOLS
HAL_GPIO_WritePin
HAL_GPIO_Init
