ARM GAS  C:\Users\samoc\AppData\Local\Temp\ccymWNOn.s 			page 1


   1              		.cpu cortex-m3
   2              		.eabi_attribute 20, 1
   3              		.eabi_attribute 21, 1
   4              		.eabi_attribute 23, 3
   5              		.eabi_attribute 24, 1
   6              		.eabi_attribute 25, 1
   7              		.eabi_attribute 26, 1
   8              		.eabi_attribute 30, 1
   9              		.eabi_attribute 34, 1
  10              		.eabi_attribute 18, 4
  11              		.file	"tim.c"
  12              		.text
  13              	.Ltext0:
  14              		.cfi_sections	.debug_frame
  15              		.section	.text.MX_TIM1_Init,"ax",%progbits
  16              		.align	1
  17              		.global	MX_TIM1_Init
  18              		.arch armv7-m
  19              		.syntax unified
  20              		.thumb
  21              		.thumb_func
  22              		.fpu softvfp
  24              	MX_TIM1_Init:
  25              	.LFB65:
  26              		.file 1 "Core/Src/tim.c"
   1:Core/Src/tim.c **** /* USER CODE BEGIN Header */
   2:Core/Src/tim.c **** /**
   3:Core/Src/tim.c ****   ******************************************************************************
   4:Core/Src/tim.c ****   * @file    tim.c
   5:Core/Src/tim.c ****   * @brief   This file provides code for the configuration
   6:Core/Src/tim.c ****   *          of the TIM instances.
   7:Core/Src/tim.c ****   ******************************************************************************
   8:Core/Src/tim.c ****   * @attention
   9:Core/Src/tim.c ****   *
  10:Core/Src/tim.c ****   * Copyright (c) 2022 STMicroelectronics.
  11:Core/Src/tim.c ****   * All rights reserved.
  12:Core/Src/tim.c ****   *
  13:Core/Src/tim.c ****   * This software is licensed under terms that can be found in the LICENSE file
  14:Core/Src/tim.c ****   * in the root directory of this software component.
  15:Core/Src/tim.c ****   * If no LICENSE file comes with this software, it is provided AS-IS.
  16:Core/Src/tim.c ****   *
  17:Core/Src/tim.c ****   ******************************************************************************
  18:Core/Src/tim.c ****   */
  19:Core/Src/tim.c **** /* USER CODE END Header */
  20:Core/Src/tim.c **** /* Includes ------------------------------------------------------------------*/
  21:Core/Src/tim.c **** #include "tim.h"
  22:Core/Src/tim.c **** 
  23:Core/Src/tim.c **** /* USER CODE BEGIN 0 */
  24:Core/Src/tim.c **** 
  25:Core/Src/tim.c **** /* USER CODE END 0 */
  26:Core/Src/tim.c **** 
  27:Core/Src/tim.c **** TIM_HandleTypeDef htim1;
  28:Core/Src/tim.c **** TIM_HandleTypeDef htim2;
  29:Core/Src/tim.c **** 
  30:Core/Src/tim.c **** /* TIM1 init function */
  31:Core/Src/tim.c **** void MX_TIM1_Init(void)
  32:Core/Src/tim.c **** {
ARM GAS  C:\Users\samoc\AppData\Local\Temp\ccymWNOn.s 			page 2


  27              		.loc 1 32 1 view -0
  28              		.cfi_startproc
  29              		@ args = 0, pretend = 0, frame = 40
  30              		@ frame_needed = 0, uses_anonymous_args = 0
  31 0000 00B5     		push	{lr}
  32              	.LCFI0:
  33              		.cfi_def_cfa_offset 4
  34              		.cfi_offset 14, -4
  35 0002 8BB0     		sub	sp, sp, #44
  36              	.LCFI1:
  37              		.cfi_def_cfa_offset 48
  33:Core/Src/tim.c **** 
  34:Core/Src/tim.c ****   /* USER CODE BEGIN TIM1_Init 0 */
  35:Core/Src/tim.c **** 
  36:Core/Src/tim.c ****   /* USER CODE END TIM1_Init 0 */
  37:Core/Src/tim.c **** 
  38:Core/Src/tim.c ****   TIM_ClockConfigTypeDef sClockSourceConfig = {0};
  38              		.loc 1 38 3 view .LVU1
  39              		.loc 1 38 26 is_stmt 0 view .LVU2
  40 0004 0023     		movs	r3, #0
  41 0006 0693     		str	r3, [sp, #24]
  42 0008 0793     		str	r3, [sp, #28]
  43 000a 0893     		str	r3, [sp, #32]
  44 000c 0993     		str	r3, [sp, #36]
  39:Core/Src/tim.c ****   TIM_MasterConfigTypeDef sMasterConfig = {0};
  45              		.loc 1 39 3 is_stmt 1 view .LVU3
  46              		.loc 1 39 27 is_stmt 0 view .LVU4
  47 000e 0493     		str	r3, [sp, #16]
  48 0010 0593     		str	r3, [sp, #20]
  40:Core/Src/tim.c ****   TIM_IC_InitTypeDef sConfigIC = {0};
  49              		.loc 1 40 3 is_stmt 1 view .LVU5
  50              		.loc 1 40 22 is_stmt 0 view .LVU6
  51 0012 0093     		str	r3, [sp]
  52 0014 0193     		str	r3, [sp, #4]
  53 0016 0293     		str	r3, [sp, #8]
  54 0018 0393     		str	r3, [sp, #12]
  41:Core/Src/tim.c **** 
  42:Core/Src/tim.c ****   /* USER CODE BEGIN TIM1_Init 1 */
  43:Core/Src/tim.c **** 
  44:Core/Src/tim.c ****   /* USER CODE END TIM1_Init 1 */
  45:Core/Src/tim.c ****   htim1.Instance = TIM1;
  55              		.loc 1 45 3 is_stmt 1 view .LVU7
  56              		.loc 1 45 18 is_stmt 0 view .LVU8
  57 001a 2E48     		ldr	r0, .L19
  58 001c 2E4A     		ldr	r2, .L19+4
  59 001e 0260     		str	r2, [r0]
  46:Core/Src/tim.c ****   htim1.Init.Prescaler = 72-1;
  60              		.loc 1 46 3 is_stmt 1 view .LVU9
  61              		.loc 1 46 24 is_stmt 0 view .LVU10
  62 0020 4722     		movs	r2, #71
  63 0022 4260     		str	r2, [r0, #4]
  47:Core/Src/tim.c ****   htim1.Init.CounterMode = TIM_COUNTERMODE_UP;
  64              		.loc 1 47 3 is_stmt 1 view .LVU11
  65              		.loc 1 47 26 is_stmt 0 view .LVU12
  66 0024 8360     		str	r3, [r0, #8]
  48:Core/Src/tim.c ****   htim1.Init.Period = 65535;
  67              		.loc 1 48 3 is_stmt 1 view .LVU13
ARM GAS  C:\Users\samoc\AppData\Local\Temp\ccymWNOn.s 			page 3


  68              		.loc 1 48 21 is_stmt 0 view .LVU14
  69 0026 4FF6FF72 		movw	r2, #65535
  70 002a C260     		str	r2, [r0, #12]
  49:Core/Src/tim.c ****   htim1.Init.ClockDivision = TIM_CLOCKDIVISION_DIV1;
  71              		.loc 1 49 3 is_stmt 1 view .LVU15
  72              		.loc 1 49 28 is_stmt 0 view .LVU16
  73 002c 0361     		str	r3, [r0, #16]
  50:Core/Src/tim.c ****   htim1.Init.RepetitionCounter = 0;
  74              		.loc 1 50 3 is_stmt 1 view .LVU17
  75              		.loc 1 50 32 is_stmt 0 view .LVU18
  76 002e 4361     		str	r3, [r0, #20]
  51:Core/Src/tim.c ****   htim1.Init.AutoReloadPreload = TIM_AUTORELOAD_PRELOAD_DISABLE;
  77              		.loc 1 51 3 is_stmt 1 view .LVU19
  78              		.loc 1 51 32 is_stmt 0 view .LVU20
  79 0030 8361     		str	r3, [r0, #24]
  52:Core/Src/tim.c ****   if (HAL_TIM_Base_Init(&htim1) != HAL_OK)
  80              		.loc 1 52 3 is_stmt 1 view .LVU21
  81              		.loc 1 52 7 is_stmt 0 view .LVU22
  82 0032 FFF7FEFF 		bl	HAL_TIM_Base_Init
  83              	.LVL0:
  84              		.loc 1 52 6 view .LVU23
  85 0036 0028     		cmp	r0, #0
  86 0038 33D1     		bne	.L11
  87              	.L2:
  53:Core/Src/tim.c ****   {
  54:Core/Src/tim.c ****     Error_Handler();
  55:Core/Src/tim.c ****   }
  56:Core/Src/tim.c ****   sClockSourceConfig.ClockSource = TIM_CLOCKSOURCE_INTERNAL;
  88              		.loc 1 56 3 is_stmt 1 view .LVU24
  89              		.loc 1 56 34 is_stmt 0 view .LVU25
  90 003a 4FF48053 		mov	r3, #4096
  91 003e 0693     		str	r3, [sp, #24]
  57:Core/Src/tim.c ****   if (HAL_TIM_ConfigClockSource(&htim1, &sClockSourceConfig) != HAL_OK)
  92              		.loc 1 57 3 is_stmt 1 view .LVU26
  93              		.loc 1 57 7 is_stmt 0 view .LVU27
  94 0040 06A9     		add	r1, sp, #24
  95 0042 2448     		ldr	r0, .L19
  96 0044 FFF7FEFF 		bl	HAL_TIM_ConfigClockSource
  97              	.LVL1:
  98              		.loc 1 57 6 view .LVU28
  99 0048 70BB     		cbnz	r0, .L12
 100              	.L3:
  58:Core/Src/tim.c ****   {
  59:Core/Src/tim.c ****     Error_Handler();
  60:Core/Src/tim.c ****   }
  61:Core/Src/tim.c ****   if (HAL_TIM_IC_Init(&htim1) != HAL_OK)
 101              		.loc 1 61 3 is_stmt 1 view .LVU29
 102              		.loc 1 61 7 is_stmt 0 view .LVU30
 103 004a 2248     		ldr	r0, .L19
 104 004c FFF7FEFF 		bl	HAL_TIM_IC_Init
 105              	.LVL2:
 106              		.loc 1 61 6 view .LVU31
 107 0050 68BB     		cbnz	r0, .L13
 108              	.L4:
  62:Core/Src/tim.c ****   {
  63:Core/Src/tim.c ****     Error_Handler();
  64:Core/Src/tim.c ****   }
ARM GAS  C:\Users\samoc\AppData\Local\Temp\ccymWNOn.s 			page 4


  65:Core/Src/tim.c ****   sMasterConfig.MasterOutputTrigger = TIM_TRGO_RESET;
 109              		.loc 1 65 3 is_stmt 1 view .LVU32
 110              		.loc 1 65 37 is_stmt 0 view .LVU33
 111 0052 0023     		movs	r3, #0
 112 0054 0493     		str	r3, [sp, #16]
  66:Core/Src/tim.c ****   sMasterConfig.MasterSlaveMode = TIM_MASTERSLAVEMODE_DISABLE;
 113              		.loc 1 66 3 is_stmt 1 view .LVU34
 114              		.loc 1 66 33 is_stmt 0 view .LVU35
 115 0056 0593     		str	r3, [sp, #20]
  67:Core/Src/tim.c ****   if (HAL_TIMEx_MasterConfigSynchronization(&htim1, &sMasterConfig) != HAL_OK)
 116              		.loc 1 67 3 is_stmt 1 view .LVU36
 117              		.loc 1 67 7 is_stmt 0 view .LVU37
 118 0058 04A9     		add	r1, sp, #16
 119 005a 1E48     		ldr	r0, .L19
 120 005c FFF7FEFF 		bl	HAL_TIMEx_MasterConfigSynchronization
 121              	.LVL3:
 122              		.loc 1 67 6 view .LVU38
 123 0060 40BB     		cbnz	r0, .L14
 124              	.L5:
  68:Core/Src/tim.c ****   {
  69:Core/Src/tim.c ****     Error_Handler();
  70:Core/Src/tim.c ****   }
  71:Core/Src/tim.c ****   sConfigIC.ICPolarity = TIM_INPUTCHANNELPOLARITY_RISING;
 125              		.loc 1 71 3 is_stmt 1 view .LVU39
 126              		.loc 1 71 24 is_stmt 0 view .LVU40
 127 0062 0022     		movs	r2, #0
 128 0064 0092     		str	r2, [sp]
  72:Core/Src/tim.c ****   sConfigIC.ICSelection = TIM_ICSELECTION_DIRECTTI;
 129              		.loc 1 72 3 is_stmt 1 view .LVU41
 130              		.loc 1 72 25 is_stmt 0 view .LVU42
 131 0066 0123     		movs	r3, #1
 132 0068 0193     		str	r3, [sp, #4]
  73:Core/Src/tim.c ****   sConfigIC.ICPrescaler = TIM_ICPSC_DIV1;
 133              		.loc 1 73 3 is_stmt 1 view .LVU43
 134              		.loc 1 73 25 is_stmt 0 view .LVU44
 135 006a 0292     		str	r2, [sp, #8]
  74:Core/Src/tim.c ****   sConfigIC.ICFilter = 0;
 136              		.loc 1 74 3 is_stmt 1 view .LVU45
 137              		.loc 1 74 22 is_stmt 0 view .LVU46
 138 006c 0392     		str	r2, [sp, #12]
  75:Core/Src/tim.c ****   if (HAL_TIM_IC_ConfigChannel(&htim1, &sConfigIC, TIM_CHANNEL_1) != HAL_OK)
 139              		.loc 1 75 3 is_stmt 1 view .LVU47
 140              		.loc 1 75 7 is_stmt 0 view .LVU48
 141 006e 6946     		mov	r1, sp
 142 0070 1848     		ldr	r0, .L19
 143 0072 FFF7FEFF 		bl	HAL_TIM_IC_ConfigChannel
 144              	.LVL4:
 145              		.loc 1 75 6 view .LVU49
 146 0076 00BB     		cbnz	r0, .L15
 147              	.L6:
  76:Core/Src/tim.c ****   {
  77:Core/Src/tim.c ****     Error_Handler();
  78:Core/Src/tim.c ****   }
  79:Core/Src/tim.c ****   if (HAL_TIM_IC_ConfigChannel(&htim1, &sConfigIC, TIM_CHANNEL_2) != HAL_OK)
 148              		.loc 1 79 3 is_stmt 1 view .LVU50
 149              		.loc 1 79 7 is_stmt 0 view .LVU51
 150 0078 0422     		movs	r2, #4
ARM GAS  C:\Users\samoc\AppData\Local\Temp\ccymWNOn.s 			page 5


 151 007a 6946     		mov	r1, sp
 152 007c 1548     		ldr	r0, .L19
 153 007e FFF7FEFF 		bl	HAL_TIM_IC_ConfigChannel
 154              	.LVL5:
 155              		.loc 1 79 6 view .LVU52
 156 0082 E8B9     		cbnz	r0, .L16
 157              	.L7:
  80:Core/Src/tim.c ****   {
  81:Core/Src/tim.c ****     Error_Handler();
  82:Core/Src/tim.c ****   }
  83:Core/Src/tim.c ****   if (HAL_TIM_IC_ConfigChannel(&htim1, &sConfigIC, TIM_CHANNEL_3) != HAL_OK)
 158              		.loc 1 83 3 is_stmt 1 view .LVU53
 159              		.loc 1 83 7 is_stmt 0 view .LVU54
 160 0084 0822     		movs	r2, #8
 161 0086 6946     		mov	r1, sp
 162 0088 1248     		ldr	r0, .L19
 163 008a FFF7FEFF 		bl	HAL_TIM_IC_ConfigChannel
 164              	.LVL6:
 165              		.loc 1 83 6 view .LVU55
 166 008e D0B9     		cbnz	r0, .L17
 167              	.L8:
  84:Core/Src/tim.c ****   {
  85:Core/Src/tim.c ****     Error_Handler();
  86:Core/Src/tim.c ****   }
  87:Core/Src/tim.c ****   if (HAL_TIM_IC_ConfigChannel(&htim1, &sConfigIC, TIM_CHANNEL_4) != HAL_OK)
 168              		.loc 1 87 3 is_stmt 1 view .LVU56
 169              		.loc 1 87 7 is_stmt 0 view .LVU57
 170 0090 0C22     		movs	r2, #12
 171 0092 6946     		mov	r1, sp
 172 0094 0F48     		ldr	r0, .L19
 173 0096 FFF7FEFF 		bl	HAL_TIM_IC_ConfigChannel
 174              	.LVL7:
 175              		.loc 1 87 6 view .LVU58
 176 009a B8B9     		cbnz	r0, .L18
 177              	.L1:
  88:Core/Src/tim.c ****   {
  89:Core/Src/tim.c ****     Error_Handler();
  90:Core/Src/tim.c ****   }
  91:Core/Src/tim.c ****   /* USER CODE BEGIN TIM1_Init 2 */
  92:Core/Src/tim.c **** 
  93:Core/Src/tim.c ****   /* USER CODE END TIM1_Init 2 */
  94:Core/Src/tim.c **** 
  95:Core/Src/tim.c **** }
 178              		.loc 1 95 1 view .LVU59
 179 009c 0BB0     		add	sp, sp, #44
 180              	.LCFI2:
 181              		.cfi_remember_state
 182              		.cfi_def_cfa_offset 4
 183              		@ sp needed
 184 009e 5DF804FB 		ldr	pc, [sp], #4
 185              	.L11:
 186              	.LCFI3:
 187              		.cfi_restore_state
  54:Core/Src/tim.c ****   }
 188              		.loc 1 54 5 is_stmt 1 view .LVU60
 189 00a2 FFF7FEFF 		bl	Error_Handler
 190              	.LVL8:
ARM GAS  C:\Users\samoc\AppData\Local\Temp\ccymWNOn.s 			page 6


 191 00a6 C8E7     		b	.L2
 192              	.L12:
  59:Core/Src/tim.c ****   }
 193              		.loc 1 59 5 view .LVU61
 194 00a8 FFF7FEFF 		bl	Error_Handler
 195              	.LVL9:
 196 00ac CDE7     		b	.L3
 197              	.L13:
  63:Core/Src/tim.c ****   }
 198              		.loc 1 63 5 view .LVU62
 199 00ae FFF7FEFF 		bl	Error_Handler
 200              	.LVL10:
 201 00b2 CEE7     		b	.L4
 202              	.L14:
  69:Core/Src/tim.c ****   }
 203              		.loc 1 69 5 view .LVU63
 204 00b4 FFF7FEFF 		bl	Error_Handler
 205              	.LVL11:
 206 00b8 D3E7     		b	.L5
 207              	.L15:
  77:Core/Src/tim.c ****   }
 208              		.loc 1 77 5 view .LVU64
 209 00ba FFF7FEFF 		bl	Error_Handler
 210              	.LVL12:
 211 00be DBE7     		b	.L6
 212              	.L16:
  81:Core/Src/tim.c ****   }
 213              		.loc 1 81 5 view .LVU65
 214 00c0 FFF7FEFF 		bl	Error_Handler
 215              	.LVL13:
 216 00c4 DEE7     		b	.L7
 217              	.L17:
  85:Core/Src/tim.c ****   }
 218              		.loc 1 85 5 view .LVU66
 219 00c6 FFF7FEFF 		bl	Error_Handler
 220              	.LVL14:
 221 00ca E1E7     		b	.L8
 222              	.L18:
  89:Core/Src/tim.c ****   }
 223              		.loc 1 89 5 view .LVU67
 224 00cc FFF7FEFF 		bl	Error_Handler
 225              	.LVL15:
 226              		.loc 1 95 1 is_stmt 0 view .LVU68
 227 00d0 E4E7     		b	.L1
 228              	.L20:
 229 00d2 00BF     		.align	2
 230              	.L19:
 231 00d4 00000000 		.word	htim1
 232 00d8 002C0140 		.word	1073818624
 233              		.cfi_endproc
 234              	.LFE65:
 236              		.section	.text.HAL_TIM_Base_MspInit,"ax",%progbits
 237              		.align	1
 238              		.global	HAL_TIM_Base_MspInit
 239              		.syntax unified
 240              		.thumb
 241              		.thumb_func
ARM GAS  C:\Users\samoc\AppData\Local\Temp\ccymWNOn.s 			page 7


 242              		.fpu softvfp
 244              	HAL_TIM_Base_MspInit:
 245              	.LVL16:
 246              	.LFB67:
  96:Core/Src/tim.c **** /* TIM2 init function */
  97:Core/Src/tim.c **** void MX_TIM2_Init(void)
  98:Core/Src/tim.c **** {
  99:Core/Src/tim.c **** 
 100:Core/Src/tim.c ****   /* USER CODE BEGIN TIM2_Init 0 */
 101:Core/Src/tim.c **** 
 102:Core/Src/tim.c ****   /* USER CODE END TIM2_Init 0 */
 103:Core/Src/tim.c **** 
 104:Core/Src/tim.c ****   TIM_ClockConfigTypeDef sClockSourceConfig = {0};
 105:Core/Src/tim.c ****   TIM_MasterConfigTypeDef sMasterConfig = {0};
 106:Core/Src/tim.c ****   TIM_OC_InitTypeDef sConfigOC = {0};
 107:Core/Src/tim.c **** 
 108:Core/Src/tim.c ****   /* USER CODE BEGIN TIM2_Init 1 */
 109:Core/Src/tim.c **** 
 110:Core/Src/tim.c ****   /* USER CODE END TIM2_Init 1 */
 111:Core/Src/tim.c ****   htim2.Instance = TIM2;
 112:Core/Src/tim.c ****   htim2.Init.Prescaler = 0;
 113:Core/Src/tim.c ****   htim2.Init.CounterMode = TIM_COUNTERMODE_UP;
 114:Core/Src/tim.c ****   htim2.Init.Period = 65535;
 115:Core/Src/tim.c ****   htim2.Init.ClockDivision = TIM_CLOCKDIVISION_DIV1;
 116:Core/Src/tim.c ****   htim2.Init.AutoReloadPreload = TIM_AUTORELOAD_PRELOAD_DISABLE;
 117:Core/Src/tim.c ****   if (HAL_TIM_Base_Init(&htim2) != HAL_OK)
 118:Core/Src/tim.c ****   {
 119:Core/Src/tim.c ****     Error_Handler();
 120:Core/Src/tim.c ****   }
 121:Core/Src/tim.c ****   sClockSourceConfig.ClockSource = TIM_CLOCKSOURCE_INTERNAL;
 122:Core/Src/tim.c ****   if (HAL_TIM_ConfigClockSource(&htim2, &sClockSourceConfig) != HAL_OK)
 123:Core/Src/tim.c ****   {
 124:Core/Src/tim.c ****     Error_Handler();
 125:Core/Src/tim.c ****   }
 126:Core/Src/tim.c ****   if (HAL_TIM_PWM_Init(&htim2) != HAL_OK)
 127:Core/Src/tim.c ****   {
 128:Core/Src/tim.c ****     Error_Handler();
 129:Core/Src/tim.c ****   }
 130:Core/Src/tim.c ****   sMasterConfig.MasterOutputTrigger = TIM_TRGO_RESET;
 131:Core/Src/tim.c ****   sMasterConfig.MasterSlaveMode = TIM_MASTERSLAVEMODE_DISABLE;
 132:Core/Src/tim.c ****   if (HAL_TIMEx_MasterConfigSynchronization(&htim2, &sMasterConfig) != HAL_OK)
 133:Core/Src/tim.c ****   {
 134:Core/Src/tim.c ****     Error_Handler();
 135:Core/Src/tim.c ****   }
 136:Core/Src/tim.c ****   sConfigOC.OCMode = TIM_OCMODE_PWM1;
 137:Core/Src/tim.c ****   sConfigOC.Pulse = 0;
 138:Core/Src/tim.c ****   sConfigOC.OCPolarity = TIM_OCPOLARITY_HIGH;
 139:Core/Src/tim.c ****   sConfigOC.OCFastMode = TIM_OCFAST_DISABLE;
 140:Core/Src/tim.c ****   if (HAL_TIM_PWM_ConfigChannel(&htim2, &sConfigOC, TIM_CHANNEL_1) != HAL_OK)
 141:Core/Src/tim.c ****   {
 142:Core/Src/tim.c ****     Error_Handler();
 143:Core/Src/tim.c ****   }
 144:Core/Src/tim.c ****   if (HAL_TIM_PWM_ConfigChannel(&htim2, &sConfigOC, TIM_CHANNEL_2) != HAL_OK)
 145:Core/Src/tim.c ****   {
 146:Core/Src/tim.c ****     Error_Handler();
 147:Core/Src/tim.c ****   }
 148:Core/Src/tim.c ****   /* USER CODE BEGIN TIM2_Init 2 */
ARM GAS  C:\Users\samoc\AppData\Local\Temp\ccymWNOn.s 			page 8


 149:Core/Src/tim.c **** 
 150:Core/Src/tim.c ****   /* USER CODE END TIM2_Init 2 */
 151:Core/Src/tim.c ****   HAL_TIM_MspPostInit(&htim2);
 152:Core/Src/tim.c **** 
 153:Core/Src/tim.c **** }
 154:Core/Src/tim.c **** 
 155:Core/Src/tim.c **** void HAL_TIM_Base_MspInit(TIM_HandleTypeDef* tim_baseHandle)
 156:Core/Src/tim.c **** {
 247              		.loc 1 156 1 is_stmt 1 view -0
 248              		.cfi_startproc
 249              		@ args = 0, pretend = 0, frame = 32
 250              		@ frame_needed = 0, uses_anonymous_args = 0
 251              		.loc 1 156 1 is_stmt 0 view .LVU70
 252 0000 10B5     		push	{r4, lr}
 253              	.LCFI4:
 254              		.cfi_def_cfa_offset 8
 255              		.cfi_offset 4, -8
 256              		.cfi_offset 14, -4
 257 0002 88B0     		sub	sp, sp, #32
 258              	.LCFI5:
 259              		.cfi_def_cfa_offset 40
 157:Core/Src/tim.c **** 
 158:Core/Src/tim.c ****   GPIO_InitTypeDef GPIO_InitStruct = {0};
 260              		.loc 1 158 3 is_stmt 1 view .LVU71
 261              		.loc 1 158 20 is_stmt 0 view .LVU72
 262 0004 0023     		movs	r3, #0
 263 0006 0493     		str	r3, [sp, #16]
 264 0008 0593     		str	r3, [sp, #20]
 265 000a 0693     		str	r3, [sp, #24]
 266 000c 0793     		str	r3, [sp, #28]
 159:Core/Src/tim.c ****   if(tim_baseHandle->Instance==TIM1)
 267              		.loc 1 159 3 is_stmt 1 view .LVU73
 268              		.loc 1 159 20 is_stmt 0 view .LVU74
 269 000e 0368     		ldr	r3, [r0]
 270              		.loc 1 159 5 view .LVU75
 271 0010 204A     		ldr	r2, .L27
 272 0012 9342     		cmp	r3, r2
 273 0014 04D0     		beq	.L25
 160:Core/Src/tim.c ****   {
 161:Core/Src/tim.c ****   /* USER CODE BEGIN TIM1_MspInit 0 */
 162:Core/Src/tim.c **** 
 163:Core/Src/tim.c ****   /* USER CODE END TIM1_MspInit 0 */
 164:Core/Src/tim.c ****     /* TIM1 clock enable */
 165:Core/Src/tim.c ****     __HAL_RCC_TIM1_CLK_ENABLE();
 166:Core/Src/tim.c **** 
 167:Core/Src/tim.c ****     __HAL_RCC_GPIOA_CLK_ENABLE();
 168:Core/Src/tim.c ****     /**TIM1 GPIO Configuration
 169:Core/Src/tim.c ****     PA8     ------> TIM1_CH1
 170:Core/Src/tim.c ****     PA9     ------> TIM1_CH2
 171:Core/Src/tim.c ****     PA10     ------> TIM1_CH3
 172:Core/Src/tim.c ****     PA11     ------> TIM1_CH4
 173:Core/Src/tim.c ****     */
 174:Core/Src/tim.c ****     GPIO_InitStruct.Pin = GPIO_PIN_8|GPIO_PIN_9|GPIO_PIN_10|GPIO_PIN_11;
 175:Core/Src/tim.c ****     GPIO_InitStruct.Mode = GPIO_MODE_INPUT;
 176:Core/Src/tim.c ****     GPIO_InitStruct.Pull = GPIO_NOPULL;
 177:Core/Src/tim.c ****     HAL_GPIO_Init(GPIOA, &GPIO_InitStruct);
 178:Core/Src/tim.c **** 
ARM GAS  C:\Users\samoc\AppData\Local\Temp\ccymWNOn.s 			page 9


 179:Core/Src/tim.c ****     /* TIM1 interrupt Init */
 180:Core/Src/tim.c ****     HAL_NVIC_SetPriority(TIM1_CC_IRQn, 0, 0);
 181:Core/Src/tim.c ****     HAL_NVIC_EnableIRQ(TIM1_CC_IRQn);
 182:Core/Src/tim.c ****   /* USER CODE BEGIN TIM1_MspInit 1 */
 183:Core/Src/tim.c **** 
 184:Core/Src/tim.c ****   /* USER CODE END TIM1_MspInit 1 */
 185:Core/Src/tim.c ****   }
 186:Core/Src/tim.c ****   else if(tim_baseHandle->Instance==TIM2)
 274              		.loc 1 186 8 is_stmt 1 view .LVU76
 275              		.loc 1 186 10 is_stmt 0 view .LVU77
 276 0016 B3F1804F 		cmp	r3, #1073741824
 277 001a 27D0     		beq	.L26
 278              	.LVL17:
 279              	.L21:
 187:Core/Src/tim.c ****   {
 188:Core/Src/tim.c ****   /* USER CODE BEGIN TIM2_MspInit 0 */
 189:Core/Src/tim.c **** 
 190:Core/Src/tim.c ****   /* USER CODE END TIM2_MspInit 0 */
 191:Core/Src/tim.c ****     /* TIM2 clock enable */
 192:Core/Src/tim.c ****     __HAL_RCC_TIM2_CLK_ENABLE();
 193:Core/Src/tim.c **** 
 194:Core/Src/tim.c ****     /* TIM2 interrupt Init */
 195:Core/Src/tim.c ****     HAL_NVIC_SetPriority(TIM2_IRQn, 0, 0);
 196:Core/Src/tim.c ****     HAL_NVIC_EnableIRQ(TIM2_IRQn);
 197:Core/Src/tim.c ****   /* USER CODE BEGIN TIM2_MspInit 1 */
 198:Core/Src/tim.c **** 
 199:Core/Src/tim.c ****   /* USER CODE END TIM2_MspInit 1 */
 200:Core/Src/tim.c ****   }
 201:Core/Src/tim.c **** }
 280              		.loc 1 201 1 view .LVU78
 281 001c 08B0     		add	sp, sp, #32
 282              	.LCFI6:
 283              		.cfi_remember_state
 284              		.cfi_def_cfa_offset 8
 285              		@ sp needed
 286 001e 10BD     		pop	{r4, pc}
 287              	.LVL18:
 288              	.L25:
 289              	.LCFI7:
 290              		.cfi_restore_state
 165:Core/Src/tim.c **** 
 291              		.loc 1 165 5 is_stmt 1 view .LVU79
 292              	.LBB2:
 165:Core/Src/tim.c **** 
 293              		.loc 1 165 5 view .LVU80
 165:Core/Src/tim.c **** 
 294              		.loc 1 165 5 view .LVU81
 295 0020 1D4B     		ldr	r3, .L27+4
 296 0022 9A69     		ldr	r2, [r3, #24]
 297 0024 42F40062 		orr	r2, r2, #2048
 298 0028 9A61     		str	r2, [r3, #24]
 165:Core/Src/tim.c **** 
 299              		.loc 1 165 5 view .LVU82
 300 002a 9A69     		ldr	r2, [r3, #24]
 301 002c 02F40062 		and	r2, r2, #2048
 302 0030 0192     		str	r2, [sp, #4]
 165:Core/Src/tim.c **** 
ARM GAS  C:\Users\samoc\AppData\Local\Temp\ccymWNOn.s 			page 10


 303              		.loc 1 165 5 view .LVU83
 304 0032 019A     		ldr	r2, [sp, #4]
 305              	.LBE2:
 165:Core/Src/tim.c **** 
 306              		.loc 1 165 5 view .LVU84
 167:Core/Src/tim.c ****     /**TIM1 GPIO Configuration
 307              		.loc 1 167 5 view .LVU85
 308              	.LBB3:
 167:Core/Src/tim.c ****     /**TIM1 GPIO Configuration
 309              		.loc 1 167 5 view .LVU86
 167:Core/Src/tim.c ****     /**TIM1 GPIO Configuration
 310              		.loc 1 167 5 view .LVU87
 311 0034 9A69     		ldr	r2, [r3, #24]
 312 0036 42F00402 		orr	r2, r2, #4
 313 003a 9A61     		str	r2, [r3, #24]
 167:Core/Src/tim.c ****     /**TIM1 GPIO Configuration
 314              		.loc 1 167 5 view .LVU88
 315 003c 9B69     		ldr	r3, [r3, #24]
 316 003e 03F00403 		and	r3, r3, #4
 317 0042 0293     		str	r3, [sp, #8]
 167:Core/Src/tim.c ****     /**TIM1 GPIO Configuration
 318              		.loc 1 167 5 view .LVU89
 319 0044 029B     		ldr	r3, [sp, #8]
 320              	.LBE3:
 167:Core/Src/tim.c ****     /**TIM1 GPIO Configuration
 321              		.loc 1 167 5 view .LVU90
 174:Core/Src/tim.c ****     GPIO_InitStruct.Mode = GPIO_MODE_INPUT;
 322              		.loc 1 174 5 view .LVU91
 174:Core/Src/tim.c ****     GPIO_InitStruct.Mode = GPIO_MODE_INPUT;
 323              		.loc 1 174 25 is_stmt 0 view .LVU92
 324 0046 4FF47063 		mov	r3, #3840
 325 004a 0493     		str	r3, [sp, #16]
 175:Core/Src/tim.c ****     GPIO_InitStruct.Pull = GPIO_NOPULL;
 326              		.loc 1 175 5 is_stmt 1 view .LVU93
 175:Core/Src/tim.c ****     GPIO_InitStruct.Pull = GPIO_NOPULL;
 327              		.loc 1 175 26 is_stmt 0 view .LVU94
 328 004c 0024     		movs	r4, #0
 329 004e 0594     		str	r4, [sp, #20]
 176:Core/Src/tim.c ****     HAL_GPIO_Init(GPIOA, &GPIO_InitStruct);
 330              		.loc 1 176 5 is_stmt 1 view .LVU95
 176:Core/Src/tim.c ****     HAL_GPIO_Init(GPIOA, &GPIO_InitStruct);
 331              		.loc 1 176 26 is_stmt 0 view .LVU96
 332 0050 0694     		str	r4, [sp, #24]
 177:Core/Src/tim.c **** 
 333              		.loc 1 177 5 is_stmt 1 view .LVU97
 334 0052 04A9     		add	r1, sp, #16
 335 0054 1148     		ldr	r0, .L27+8
 336              	.LVL19:
 177:Core/Src/tim.c **** 
 337              		.loc 1 177 5 is_stmt 0 view .LVU98
 338 0056 FFF7FEFF 		bl	HAL_GPIO_Init
 339              	.LVL20:
 180:Core/Src/tim.c ****     HAL_NVIC_EnableIRQ(TIM1_CC_IRQn);
 340              		.loc 1 180 5 is_stmt 1 view .LVU99
 341 005a 2246     		mov	r2, r4
 342 005c 2146     		mov	r1, r4
 343 005e 1B20     		movs	r0, #27
ARM GAS  C:\Users\samoc\AppData\Local\Temp\ccymWNOn.s 			page 11


 344 0060 FFF7FEFF 		bl	HAL_NVIC_SetPriority
 345              	.LVL21:
 181:Core/Src/tim.c ****   /* USER CODE BEGIN TIM1_MspInit 1 */
 346              		.loc 1 181 5 view .LVU100
 347 0064 1B20     		movs	r0, #27
 348 0066 FFF7FEFF 		bl	HAL_NVIC_EnableIRQ
 349              	.LVL22:
 350 006a D7E7     		b	.L21
 351              	.LVL23:
 352              	.L26:
 192:Core/Src/tim.c **** 
 353              		.loc 1 192 5 view .LVU101
 354              	.LBB4:
 192:Core/Src/tim.c **** 
 355              		.loc 1 192 5 view .LVU102
 192:Core/Src/tim.c **** 
 356              		.loc 1 192 5 view .LVU103
 357 006c 03F50433 		add	r3, r3, #135168
 358 0070 DA69     		ldr	r2, [r3, #28]
 359 0072 42F00102 		orr	r2, r2, #1
 360 0076 DA61     		str	r2, [r3, #28]
 192:Core/Src/tim.c **** 
 361              		.loc 1 192 5 view .LVU104
 362 0078 DB69     		ldr	r3, [r3, #28]
 363 007a 03F00103 		and	r3, r3, #1
 364 007e 0393     		str	r3, [sp, #12]
 192:Core/Src/tim.c **** 
 365              		.loc 1 192 5 view .LVU105
 366 0080 039B     		ldr	r3, [sp, #12]
 367              	.LBE4:
 192:Core/Src/tim.c **** 
 368              		.loc 1 192 5 view .LVU106
 195:Core/Src/tim.c ****     HAL_NVIC_EnableIRQ(TIM2_IRQn);
 369              		.loc 1 195 5 view .LVU107
 370 0082 0022     		movs	r2, #0
 371 0084 1146     		mov	r1, r2
 372 0086 1C20     		movs	r0, #28
 373              	.LVL24:
 195:Core/Src/tim.c ****     HAL_NVIC_EnableIRQ(TIM2_IRQn);
 374              		.loc 1 195 5 is_stmt 0 view .LVU108
 375 0088 FFF7FEFF 		bl	HAL_NVIC_SetPriority
 376              	.LVL25:
 196:Core/Src/tim.c ****   /* USER CODE BEGIN TIM2_MspInit 1 */
 377              		.loc 1 196 5 is_stmt 1 view .LVU109
 378 008c 1C20     		movs	r0, #28
 379 008e FFF7FEFF 		bl	HAL_NVIC_EnableIRQ
 380              	.LVL26:
 381              		.loc 1 201 1 is_stmt 0 view .LVU110
 382 0092 C3E7     		b	.L21
 383              	.L28:
 384              		.align	2
 385              	.L27:
 386 0094 002C0140 		.word	1073818624
 387 0098 00100240 		.word	1073876992
 388 009c 00080140 		.word	1073809408
 389              		.cfi_endproc
 390              	.LFE67:
ARM GAS  C:\Users\samoc\AppData\Local\Temp\ccymWNOn.s 			page 12


 392              		.section	.text.HAL_TIM_MspPostInit,"ax",%progbits
 393              		.align	1
 394              		.global	HAL_TIM_MspPostInit
 395              		.syntax unified
 396              		.thumb
 397              		.thumb_func
 398              		.fpu softvfp
 400              	HAL_TIM_MspPostInit:
 401              	.LVL27:
 402              	.LFB68:
 202:Core/Src/tim.c **** void HAL_TIM_MspPostInit(TIM_HandleTypeDef* timHandle)
 203:Core/Src/tim.c **** {
 403              		.loc 1 203 1 is_stmt 1 view -0
 404              		.cfi_startproc
 405              		@ args = 0, pretend = 0, frame = 24
 406              		@ frame_needed = 0, uses_anonymous_args = 0
 407              		.loc 1 203 1 is_stmt 0 view .LVU112
 408 0000 00B5     		push	{lr}
 409              	.LCFI8:
 410              		.cfi_def_cfa_offset 4
 411              		.cfi_offset 14, -4
 412 0002 87B0     		sub	sp, sp, #28
 413              	.LCFI9:
 414              		.cfi_def_cfa_offset 32
 204:Core/Src/tim.c **** 
 205:Core/Src/tim.c ****   GPIO_InitTypeDef GPIO_InitStruct = {0};
 415              		.loc 1 205 3 is_stmt 1 view .LVU113
 416              		.loc 1 205 20 is_stmt 0 view .LVU114
 417 0004 0023     		movs	r3, #0
 418 0006 0293     		str	r3, [sp, #8]
 419 0008 0393     		str	r3, [sp, #12]
 420 000a 0493     		str	r3, [sp, #16]
 421 000c 0593     		str	r3, [sp, #20]
 206:Core/Src/tim.c ****   if(timHandle->Instance==TIM2)
 422              		.loc 1 206 3 is_stmt 1 view .LVU115
 423              		.loc 1 206 15 is_stmt 0 view .LVU116
 424 000e 0368     		ldr	r3, [r0]
 425              		.loc 1 206 5 view .LVU117
 426 0010 B3F1804F 		cmp	r3, #1073741824
 427 0014 02D0     		beq	.L32
 428              	.LVL28:
 429              	.L29:
 207:Core/Src/tim.c ****   {
 208:Core/Src/tim.c ****   /* USER CODE BEGIN TIM2_MspPostInit 0 */
 209:Core/Src/tim.c **** 
 210:Core/Src/tim.c ****   /* USER CODE END TIM2_MspPostInit 0 */
 211:Core/Src/tim.c **** 
 212:Core/Src/tim.c ****     __HAL_RCC_GPIOA_CLK_ENABLE();
 213:Core/Src/tim.c ****     /**TIM2 GPIO Configuration
 214:Core/Src/tim.c ****     PA0-WKUP     ------> TIM2_CH1
 215:Core/Src/tim.c ****     PA1     ------> TIM2_CH2
 216:Core/Src/tim.c ****     */
 217:Core/Src/tim.c ****     GPIO_InitStruct.Pin = GPIO_PIN_0|GPIO_PIN_1;
 218:Core/Src/tim.c ****     GPIO_InitStruct.Mode = GPIO_MODE_AF_PP;
 219:Core/Src/tim.c ****     GPIO_InitStruct.Speed = GPIO_SPEED_FREQ_LOW;
 220:Core/Src/tim.c ****     HAL_GPIO_Init(GPIOA, &GPIO_InitStruct);
 221:Core/Src/tim.c **** 
ARM GAS  C:\Users\samoc\AppData\Local\Temp\ccymWNOn.s 			page 13


 222:Core/Src/tim.c ****   /* USER CODE BEGIN TIM2_MspPostInit 1 */
 223:Core/Src/tim.c **** 
 224:Core/Src/tim.c ****   /* USER CODE END TIM2_MspPostInit 1 */
 225:Core/Src/tim.c ****   }
 226:Core/Src/tim.c **** 
 227:Core/Src/tim.c **** }
 430              		.loc 1 227 1 view .LVU118
 431 0016 07B0     		add	sp, sp, #28
 432              	.LCFI10:
 433              		.cfi_remember_state
 434              		.cfi_def_cfa_offset 4
 435              		@ sp needed
 436 0018 5DF804FB 		ldr	pc, [sp], #4
 437              	.LVL29:
 438              	.L32:
 439              	.LCFI11:
 440              		.cfi_restore_state
 212:Core/Src/tim.c ****     /**TIM2 GPIO Configuration
 441              		.loc 1 212 5 is_stmt 1 view .LVU119
 442              	.LBB5:
 212:Core/Src/tim.c ****     /**TIM2 GPIO Configuration
 443              		.loc 1 212 5 view .LVU120
 212:Core/Src/tim.c ****     /**TIM2 GPIO Configuration
 444              		.loc 1 212 5 view .LVU121
 445 001c 03F50433 		add	r3, r3, #135168
 446 0020 9A69     		ldr	r2, [r3, #24]
 447 0022 42F00402 		orr	r2, r2, #4
 448 0026 9A61     		str	r2, [r3, #24]
 212:Core/Src/tim.c ****     /**TIM2 GPIO Configuration
 449              		.loc 1 212 5 view .LVU122
 450 0028 9B69     		ldr	r3, [r3, #24]
 451 002a 03F00403 		and	r3, r3, #4
 452 002e 0193     		str	r3, [sp, #4]
 212:Core/Src/tim.c ****     /**TIM2 GPIO Configuration
 453              		.loc 1 212 5 view .LVU123
 454 0030 019B     		ldr	r3, [sp, #4]
 455              	.LBE5:
 212:Core/Src/tim.c ****     /**TIM2 GPIO Configuration
 456              		.loc 1 212 5 view .LVU124
 217:Core/Src/tim.c ****     GPIO_InitStruct.Mode = GPIO_MODE_AF_PP;
 457              		.loc 1 217 5 view .LVU125
 217:Core/Src/tim.c ****     GPIO_InitStruct.Mode = GPIO_MODE_AF_PP;
 458              		.loc 1 217 25 is_stmt 0 view .LVU126
 459 0032 0323     		movs	r3, #3
 460 0034 0293     		str	r3, [sp, #8]
 218:Core/Src/tim.c ****     GPIO_InitStruct.Speed = GPIO_SPEED_FREQ_LOW;
 461              		.loc 1 218 5 is_stmt 1 view .LVU127
 218:Core/Src/tim.c ****     GPIO_InitStruct.Speed = GPIO_SPEED_FREQ_LOW;
 462              		.loc 1 218 26 is_stmt 0 view .LVU128
 463 0036 0223     		movs	r3, #2
 464 0038 0393     		str	r3, [sp, #12]
 219:Core/Src/tim.c ****     HAL_GPIO_Init(GPIOA, &GPIO_InitStruct);
 465              		.loc 1 219 5 is_stmt 1 view .LVU129
 219:Core/Src/tim.c ****     HAL_GPIO_Init(GPIOA, &GPIO_InitStruct);
 466              		.loc 1 219 27 is_stmt 0 view .LVU130
 467 003a 0593     		str	r3, [sp, #20]
 220:Core/Src/tim.c **** 
ARM GAS  C:\Users\samoc\AppData\Local\Temp\ccymWNOn.s 			page 14


 468              		.loc 1 220 5 is_stmt 1 view .LVU131
 469 003c 02A9     		add	r1, sp, #8
 470 003e 0248     		ldr	r0, .L33
 471              	.LVL30:
 220:Core/Src/tim.c **** 
 472              		.loc 1 220 5 is_stmt 0 view .LVU132
 473 0040 FFF7FEFF 		bl	HAL_GPIO_Init
 474              	.LVL31:
 475              		.loc 1 227 1 view .LVU133
 476 0044 E7E7     		b	.L29
 477              	.L34:
 478 0046 00BF     		.align	2
 479              	.L33:
 480 0048 00080140 		.word	1073809408
 481              		.cfi_endproc
 482              	.LFE68:
 484              		.section	.text.MX_TIM2_Init,"ax",%progbits
 485              		.align	1
 486              		.global	MX_TIM2_Init
 487              		.syntax unified
 488              		.thumb
 489              		.thumb_func
 490              		.fpu softvfp
 492              	MX_TIM2_Init:
 493              	.LFB66:
  98:Core/Src/tim.c **** 
 494              		.loc 1 98 1 is_stmt 1 view -0
 495              		.cfi_startproc
 496              		@ args = 0, pretend = 0, frame = 56
 497              		@ frame_needed = 0, uses_anonymous_args = 0
 498 0000 00B5     		push	{lr}
 499              	.LCFI12:
 500              		.cfi_def_cfa_offset 4
 501              		.cfi_offset 14, -4
 502 0002 8FB0     		sub	sp, sp, #60
 503              	.LCFI13:
 504              		.cfi_def_cfa_offset 64
 104:Core/Src/tim.c ****   TIM_MasterConfigTypeDef sMasterConfig = {0};
 505              		.loc 1 104 3 view .LVU135
 104:Core/Src/tim.c ****   TIM_MasterConfigTypeDef sMasterConfig = {0};
 506              		.loc 1 104 26 is_stmt 0 view .LVU136
 507 0004 0023     		movs	r3, #0
 508 0006 0A93     		str	r3, [sp, #40]
 509 0008 0B93     		str	r3, [sp, #44]
 510 000a 0C93     		str	r3, [sp, #48]
 511 000c 0D93     		str	r3, [sp, #52]
 105:Core/Src/tim.c ****   TIM_OC_InitTypeDef sConfigOC = {0};
 512              		.loc 1 105 3 is_stmt 1 view .LVU137
 105:Core/Src/tim.c ****   TIM_OC_InitTypeDef sConfigOC = {0};
 513              		.loc 1 105 27 is_stmt 0 view .LVU138
 514 000e 0893     		str	r3, [sp, #32]
 515 0010 0993     		str	r3, [sp, #36]
 106:Core/Src/tim.c **** 
 516              		.loc 1 106 3 is_stmt 1 view .LVU139
 106:Core/Src/tim.c **** 
 517              		.loc 1 106 22 is_stmt 0 view .LVU140
 518 0012 0193     		str	r3, [sp, #4]
ARM GAS  C:\Users\samoc\AppData\Local\Temp\ccymWNOn.s 			page 15


 519 0014 0293     		str	r3, [sp, #8]
 520 0016 0393     		str	r3, [sp, #12]
 521 0018 0493     		str	r3, [sp, #16]
 522 001a 0593     		str	r3, [sp, #20]
 523 001c 0693     		str	r3, [sp, #24]
 524 001e 0793     		str	r3, [sp, #28]
 111:Core/Src/tim.c ****   htim2.Init.Prescaler = 0;
 525              		.loc 1 111 3 is_stmt 1 view .LVU141
 111:Core/Src/tim.c ****   htim2.Init.Prescaler = 0;
 526              		.loc 1 111 18 is_stmt 0 view .LVU142
 527 0020 2548     		ldr	r0, .L49
 528 0022 4FF08042 		mov	r2, #1073741824
 529 0026 0260     		str	r2, [r0]
 112:Core/Src/tim.c ****   htim2.Init.CounterMode = TIM_COUNTERMODE_UP;
 530              		.loc 1 112 3 is_stmt 1 view .LVU143
 112:Core/Src/tim.c ****   htim2.Init.CounterMode = TIM_COUNTERMODE_UP;
 531              		.loc 1 112 24 is_stmt 0 view .LVU144
 532 0028 4360     		str	r3, [r0, #4]
 113:Core/Src/tim.c ****   htim2.Init.Period = 65535;
 533              		.loc 1 113 3 is_stmt 1 view .LVU145
 113:Core/Src/tim.c ****   htim2.Init.Period = 65535;
 534              		.loc 1 113 26 is_stmt 0 view .LVU146
 535 002a 8360     		str	r3, [r0, #8]
 114:Core/Src/tim.c ****   htim2.Init.ClockDivision = TIM_CLOCKDIVISION_DIV1;
 536              		.loc 1 114 3 is_stmt 1 view .LVU147
 114:Core/Src/tim.c ****   htim2.Init.ClockDivision = TIM_CLOCKDIVISION_DIV1;
 537              		.loc 1 114 21 is_stmt 0 view .LVU148
 538 002c 4FF6FF72 		movw	r2, #65535
 539 0030 C260     		str	r2, [r0, #12]
 115:Core/Src/tim.c ****   htim2.Init.AutoReloadPreload = TIM_AUTORELOAD_PRELOAD_DISABLE;
 540              		.loc 1 115 3 is_stmt 1 view .LVU149
 115:Core/Src/tim.c ****   htim2.Init.AutoReloadPreload = TIM_AUTORELOAD_PRELOAD_DISABLE;
 541              		.loc 1 115 28 is_stmt 0 view .LVU150
 542 0032 0361     		str	r3, [r0, #16]
 116:Core/Src/tim.c ****   if (HAL_TIM_Base_Init(&htim2) != HAL_OK)
 543              		.loc 1 116 3 is_stmt 1 view .LVU151
 116:Core/Src/tim.c ****   if (HAL_TIM_Base_Init(&htim2) != HAL_OK)
 544              		.loc 1 116 32 is_stmt 0 view .LVU152
 545 0034 8361     		str	r3, [r0, #24]
 117:Core/Src/tim.c ****   {
 546              		.loc 1 117 3 is_stmt 1 view .LVU153
 117:Core/Src/tim.c ****   {
 547              		.loc 1 117 7 is_stmt 0 view .LVU154
 548 0036 FFF7FEFF 		bl	HAL_TIM_Base_Init
 549              	.LVL32:
 117:Core/Src/tim.c ****   {
 550              		.loc 1 117 6 view .LVU155
 551 003a 58BB     		cbnz	r0, .L43
 552              	.L36:
 121:Core/Src/tim.c ****   if (HAL_TIM_ConfigClockSource(&htim2, &sClockSourceConfig) != HAL_OK)
 553              		.loc 1 121 3 is_stmt 1 view .LVU156
 121:Core/Src/tim.c ****   if (HAL_TIM_ConfigClockSource(&htim2, &sClockSourceConfig) != HAL_OK)
 554              		.loc 1 121 34 is_stmt 0 view .LVU157
 555 003c 4FF48053 		mov	r3, #4096
 556 0040 0A93     		str	r3, [sp, #40]
 122:Core/Src/tim.c ****   {
 557              		.loc 1 122 3 is_stmt 1 view .LVU158
ARM GAS  C:\Users\samoc\AppData\Local\Temp\ccymWNOn.s 			page 16


 122:Core/Src/tim.c ****   {
 558              		.loc 1 122 7 is_stmt 0 view .LVU159
 559 0042 0AA9     		add	r1, sp, #40
 560 0044 1C48     		ldr	r0, .L49
 561 0046 FFF7FEFF 		bl	HAL_TIM_ConfigClockSource
 562              	.LVL33:
 122:Core/Src/tim.c ****   {
 563              		.loc 1 122 6 view .LVU160
 564 004a 30BB     		cbnz	r0, .L44
 565              	.L37:
 126:Core/Src/tim.c ****   {
 566              		.loc 1 126 3 is_stmt 1 view .LVU161
 126:Core/Src/tim.c ****   {
 567              		.loc 1 126 7 is_stmt 0 view .LVU162
 568 004c 1A48     		ldr	r0, .L49
 569 004e FFF7FEFF 		bl	HAL_TIM_PWM_Init
 570              	.LVL34:
 126:Core/Src/tim.c ****   {
 571              		.loc 1 126 6 view .LVU163
 572 0052 28BB     		cbnz	r0, .L45
 573              	.L38:
 130:Core/Src/tim.c ****   sMasterConfig.MasterSlaveMode = TIM_MASTERSLAVEMODE_DISABLE;
 574              		.loc 1 130 3 is_stmt 1 view .LVU164
 130:Core/Src/tim.c ****   sMasterConfig.MasterSlaveMode = TIM_MASTERSLAVEMODE_DISABLE;
 575              		.loc 1 130 37 is_stmt 0 view .LVU165
 576 0054 0023     		movs	r3, #0
 577 0056 0893     		str	r3, [sp, #32]
 131:Core/Src/tim.c ****   if (HAL_TIMEx_MasterConfigSynchronization(&htim2, &sMasterConfig) != HAL_OK)
 578              		.loc 1 131 3 is_stmt 1 view .LVU166
 131:Core/Src/tim.c ****   if (HAL_TIMEx_MasterConfigSynchronization(&htim2, &sMasterConfig) != HAL_OK)
 579              		.loc 1 131 33 is_stmt 0 view .LVU167
 580 0058 0993     		str	r3, [sp, #36]
 132:Core/Src/tim.c ****   {
 581              		.loc 1 132 3 is_stmt 1 view .LVU168
 132:Core/Src/tim.c ****   {
 582              		.loc 1 132 7 is_stmt 0 view .LVU169
 583 005a 08A9     		add	r1, sp, #32
 584 005c 1648     		ldr	r0, .L49
 585 005e FFF7FEFF 		bl	HAL_TIMEx_MasterConfigSynchronization
 586              	.LVL35:
 132:Core/Src/tim.c ****   {
 587              		.loc 1 132 6 view .LVU170
 588 0062 00BB     		cbnz	r0, .L46
 589              	.L39:
 136:Core/Src/tim.c ****   sConfigOC.Pulse = 0;
 590              		.loc 1 136 3 is_stmt 1 view .LVU171
 136:Core/Src/tim.c ****   sConfigOC.Pulse = 0;
 591              		.loc 1 136 20 is_stmt 0 view .LVU172
 592 0064 6023     		movs	r3, #96
 593 0066 0193     		str	r3, [sp, #4]
 137:Core/Src/tim.c ****   sConfigOC.OCPolarity = TIM_OCPOLARITY_HIGH;
 594              		.loc 1 137 3 is_stmt 1 view .LVU173
 137:Core/Src/tim.c ****   sConfigOC.OCPolarity = TIM_OCPOLARITY_HIGH;
 595              		.loc 1 137 19 is_stmt 0 view .LVU174
 596 0068 0022     		movs	r2, #0
 597 006a 0292     		str	r2, [sp, #8]
 138:Core/Src/tim.c ****   sConfigOC.OCFastMode = TIM_OCFAST_DISABLE;
ARM GAS  C:\Users\samoc\AppData\Local\Temp\ccymWNOn.s 			page 17


 598              		.loc 1 138 3 is_stmt 1 view .LVU175
 138:Core/Src/tim.c ****   sConfigOC.OCFastMode = TIM_OCFAST_DISABLE;
 599              		.loc 1 138 24 is_stmt 0 view .LVU176
 600 006c 0392     		str	r2, [sp, #12]
 139:Core/Src/tim.c ****   if (HAL_TIM_PWM_ConfigChannel(&htim2, &sConfigOC, TIM_CHANNEL_1) != HAL_OK)
 601              		.loc 1 139 3 is_stmt 1 view .LVU177
 139:Core/Src/tim.c ****   if (HAL_TIM_PWM_ConfigChannel(&htim2, &sConfigOC, TIM_CHANNEL_1) != HAL_OK)
 602              		.loc 1 139 24 is_stmt 0 view .LVU178
 603 006e 0592     		str	r2, [sp, #20]
 140:Core/Src/tim.c ****   {
 604              		.loc 1 140 3 is_stmt 1 view .LVU179
 140:Core/Src/tim.c ****   {
 605              		.loc 1 140 7 is_stmt 0 view .LVU180
 606 0070 01A9     		add	r1, sp, #4
 607 0072 1148     		ldr	r0, .L49
 608 0074 FFF7FEFF 		bl	HAL_TIM_PWM_ConfigChannel
 609              	.LVL36:
 140:Core/Src/tim.c ****   {
 610              		.loc 1 140 6 view .LVU181
 611 0078 C0B9     		cbnz	r0, .L47
 612              	.L40:
 144:Core/Src/tim.c ****   {
 613              		.loc 1 144 3 is_stmt 1 view .LVU182
 144:Core/Src/tim.c ****   {
 614              		.loc 1 144 7 is_stmt 0 view .LVU183
 615 007a 0422     		movs	r2, #4
 616 007c 0DEB0201 		add	r1, sp, r2
 617 0080 0D48     		ldr	r0, .L49
 618 0082 FFF7FEFF 		bl	HAL_TIM_PWM_ConfigChannel
 619              	.LVL37:
 144:Core/Src/tim.c ****   {
 620              		.loc 1 144 6 view .LVU184
 621 0086 A0B9     		cbnz	r0, .L48
 622              	.L41:
 151:Core/Src/tim.c **** 
 623              		.loc 1 151 3 is_stmt 1 view .LVU185
 624 0088 0B48     		ldr	r0, .L49
 625 008a FFF7FEFF 		bl	HAL_TIM_MspPostInit
 626              	.LVL38:
 153:Core/Src/tim.c **** 
 627              		.loc 1 153 1 is_stmt 0 view .LVU186
 628 008e 0FB0     		add	sp, sp, #60
 629              	.LCFI14:
 630              		.cfi_remember_state
 631              		.cfi_def_cfa_offset 4
 632              		@ sp needed
 633 0090 5DF804FB 		ldr	pc, [sp], #4
 634              	.L43:
 635              	.LCFI15:
 636              		.cfi_restore_state
 119:Core/Src/tim.c ****   }
 637              		.loc 1 119 5 is_stmt 1 view .LVU187
 638 0094 FFF7FEFF 		bl	Error_Handler
 639              	.LVL39:
 640 0098 D0E7     		b	.L36
 641              	.L44:
 124:Core/Src/tim.c ****   }
ARM GAS  C:\Users\samoc\AppData\Local\Temp\ccymWNOn.s 			page 18


 642              		.loc 1 124 5 view .LVU188
 643 009a FFF7FEFF 		bl	Error_Handler
 644              	.LVL40:
 645 009e D5E7     		b	.L37
 646              	.L45:
 128:Core/Src/tim.c ****   }
 647              		.loc 1 128 5 view .LVU189
 648 00a0 FFF7FEFF 		bl	Error_Handler
 649              	.LVL41:
 650 00a4 D6E7     		b	.L38
 651              	.L46:
 134:Core/Src/tim.c ****   }
 652              		.loc 1 134 5 view .LVU190
 653 00a6 FFF7FEFF 		bl	Error_Handler
 654              	.LVL42:
 655 00aa DBE7     		b	.L39
 656              	.L47:
 142:Core/Src/tim.c ****   }
 657              		.loc 1 142 5 view .LVU191
 658 00ac FFF7FEFF 		bl	Error_Handler
 659              	.LVL43:
 660 00b0 E3E7     		b	.L40
 661              	.L48:
 146:Core/Src/tim.c ****   }
 662              		.loc 1 146 5 view .LVU192
 663 00b2 FFF7FEFF 		bl	Error_Handler
 664              	.LVL44:
 665 00b6 E7E7     		b	.L41
 666              	.L50:
 667              		.align	2
 668              	.L49:
 669 00b8 00000000 		.word	htim2
 670              		.cfi_endproc
 671              	.LFE66:
 673              		.section	.text.HAL_TIM_Base_MspDeInit,"ax",%progbits
 674              		.align	1
 675              		.global	HAL_TIM_Base_MspDeInit
 676              		.syntax unified
 677              		.thumb
 678              		.thumb_func
 679              		.fpu softvfp
 681              	HAL_TIM_Base_MspDeInit:
 682              	.LVL45:
 683              	.LFB69:
 228:Core/Src/tim.c **** 
 229:Core/Src/tim.c **** void HAL_TIM_Base_MspDeInit(TIM_HandleTypeDef* tim_baseHandle)
 230:Core/Src/tim.c **** {
 684              		.loc 1 230 1 view -0
 685              		.cfi_startproc
 686              		@ args = 0, pretend = 0, frame = 0
 687              		@ frame_needed = 0, uses_anonymous_args = 0
 688              		.loc 1 230 1 is_stmt 0 view .LVU194
 689 0000 08B5     		push	{r3, lr}
 690              	.LCFI16:
 691              		.cfi_def_cfa_offset 8
 692              		.cfi_offset 3, -8
 693              		.cfi_offset 14, -4
ARM GAS  C:\Users\samoc\AppData\Local\Temp\ccymWNOn.s 			page 19


 231:Core/Src/tim.c **** 
 232:Core/Src/tim.c ****   if(tim_baseHandle->Instance==TIM1)
 694              		.loc 1 232 3 is_stmt 1 view .LVU195
 695              		.loc 1 232 20 is_stmt 0 view .LVU196
 696 0002 0368     		ldr	r3, [r0]
 697              		.loc 1 232 5 view .LVU197
 698 0004 0F4A     		ldr	r2, .L57
 699 0006 9342     		cmp	r3, r2
 700 0008 03D0     		beq	.L55
 233:Core/Src/tim.c ****   {
 234:Core/Src/tim.c ****   /* USER CODE BEGIN TIM1_MspDeInit 0 */
 235:Core/Src/tim.c **** 
 236:Core/Src/tim.c ****   /* USER CODE END TIM1_MspDeInit 0 */
 237:Core/Src/tim.c ****     /* Peripheral clock disable */
 238:Core/Src/tim.c ****     __HAL_RCC_TIM1_CLK_DISABLE();
 239:Core/Src/tim.c **** 
 240:Core/Src/tim.c ****     /**TIM1 GPIO Configuration
 241:Core/Src/tim.c ****     PA8     ------> TIM1_CH1
 242:Core/Src/tim.c ****     PA9     ------> TIM1_CH2
 243:Core/Src/tim.c ****     PA10     ------> TIM1_CH3
 244:Core/Src/tim.c ****     PA11     ------> TIM1_CH4
 245:Core/Src/tim.c ****     */
 246:Core/Src/tim.c ****     HAL_GPIO_DeInit(GPIOA, GPIO_PIN_8|GPIO_PIN_9|GPIO_PIN_10|GPIO_PIN_11);
 247:Core/Src/tim.c **** 
 248:Core/Src/tim.c ****     /* TIM1 interrupt Deinit */
 249:Core/Src/tim.c ****     HAL_NVIC_DisableIRQ(TIM1_CC_IRQn);
 250:Core/Src/tim.c ****   /* USER CODE BEGIN TIM1_MspDeInit 1 */
 251:Core/Src/tim.c **** 
 252:Core/Src/tim.c ****   /* USER CODE END TIM1_MspDeInit 1 */
 253:Core/Src/tim.c ****   }
 254:Core/Src/tim.c ****   else if(tim_baseHandle->Instance==TIM2)
 701              		.loc 1 254 8 is_stmt 1 view .LVU198
 702              		.loc 1 254 10 is_stmt 0 view .LVU199
 703 000a B3F1804F 		cmp	r3, #1073741824
 704 000e 0FD0     		beq	.L56
 705              	.LVL46:
 706              	.L51:
 255:Core/Src/tim.c ****   {
 256:Core/Src/tim.c ****   /* USER CODE BEGIN TIM2_MspDeInit 0 */
 257:Core/Src/tim.c **** 
 258:Core/Src/tim.c ****   /* USER CODE END TIM2_MspDeInit 0 */
 259:Core/Src/tim.c ****     /* Peripheral clock disable */
 260:Core/Src/tim.c ****     __HAL_RCC_TIM2_CLK_DISABLE();
 261:Core/Src/tim.c **** 
 262:Core/Src/tim.c ****     /* TIM2 interrupt Deinit */
 263:Core/Src/tim.c ****     HAL_NVIC_DisableIRQ(TIM2_IRQn);
 264:Core/Src/tim.c ****   /* USER CODE BEGIN TIM2_MspDeInit 1 */
 265:Core/Src/tim.c **** 
 266:Core/Src/tim.c ****   /* USER CODE END TIM2_MspDeInit 1 */
 267:Core/Src/tim.c ****   }
 268:Core/Src/tim.c **** }
 707              		.loc 1 268 1 view .LVU200
 708 0010 08BD     		pop	{r3, pc}
 709              	.LVL47:
 710              	.L55:
 238:Core/Src/tim.c **** 
 711              		.loc 1 238 5 is_stmt 1 view .LVU201
ARM GAS  C:\Users\samoc\AppData\Local\Temp\ccymWNOn.s 			page 20


 712 0012 02F56442 		add	r2, r2, #58368
 713 0016 9369     		ldr	r3, [r2, #24]
 714 0018 23F40063 		bic	r3, r3, #2048
 715 001c 9361     		str	r3, [r2, #24]
 246:Core/Src/tim.c **** 
 716              		.loc 1 246 5 view .LVU202
 717 001e 4FF47061 		mov	r1, #3840
 718 0022 0948     		ldr	r0, .L57+4
 719              	.LVL48:
 246:Core/Src/tim.c **** 
 720              		.loc 1 246 5 is_stmt 0 view .LVU203
 721 0024 FFF7FEFF 		bl	HAL_GPIO_DeInit
 722              	.LVL49:
 249:Core/Src/tim.c ****   /* USER CODE BEGIN TIM1_MspDeInit 1 */
 723              		.loc 1 249 5 is_stmt 1 view .LVU204
 724 0028 1B20     		movs	r0, #27
 725 002a FFF7FEFF 		bl	HAL_NVIC_DisableIRQ
 726              	.LVL50:
 727 002e EFE7     		b	.L51
 728              	.LVL51:
 729              	.L56:
 260:Core/Src/tim.c **** 
 730              		.loc 1 260 5 view .LVU205
 731 0030 064A     		ldr	r2, .L57+8
 732 0032 D369     		ldr	r3, [r2, #28]
 733 0034 23F00103 		bic	r3, r3, #1
 734 0038 D361     		str	r3, [r2, #28]
 263:Core/Src/tim.c ****   /* USER CODE BEGIN TIM2_MspDeInit 1 */
 735              		.loc 1 263 5 view .LVU206
 736 003a 1C20     		movs	r0, #28
 737              	.LVL52:
 263:Core/Src/tim.c ****   /* USER CODE BEGIN TIM2_MspDeInit 1 */
 738              		.loc 1 263 5 is_stmt 0 view .LVU207
 739 003c FFF7FEFF 		bl	HAL_NVIC_DisableIRQ
 740              	.LVL53:
 741              		.loc 1 268 1 view .LVU208
 742 0040 E6E7     		b	.L51
 743              	.L58:
 744 0042 00BF     		.align	2
 745              	.L57:
 746 0044 002C0140 		.word	1073818624
 747 0048 00080140 		.word	1073809408
 748 004c 00100240 		.word	1073876992
 749              		.cfi_endproc
 750              	.LFE69:
 752              		.comm	htim2,72,4
 753              		.comm	htim1,72,4
 754              		.text
 755              	.Letext0:
 756              		.file 2 "c:\\users\\samoc\\.vscode\\extensions\\buzzyelectronics.stm-helper-1.2.9\\armgcc\\arm-non
 757              		.file 3 "c:\\users\\samoc\\.vscode\\extensions\\buzzyelectronics.stm-helper-1.2.9\\armgcc\\arm-non
 758              		.file 4 "Drivers/CMSIS/Include/core_cm3.h"
 759              		.file 5 "Drivers/CMSIS/Device/ST/STM32F1xx/Include/system_stm32f1xx.h"
 760              		.file 6 "Drivers/CMSIS/Device/ST/STM32F1xx/Include/stm32f103xb.h"
 761              		.file 7 "Drivers/STM32F1xx_HAL_Driver/Inc/stm32f1xx_hal_def.h"
 762              		.file 8 "Drivers/STM32F1xx_HAL_Driver/Inc/stm32f1xx_hal_gpio.h"
 763              		.file 9 "Drivers/STM32F1xx_HAL_Driver/Inc/stm32f1xx_hal_dma.h"
ARM GAS  C:\Users\samoc\AppData\Local\Temp\ccymWNOn.s 			page 21


 764              		.file 10 "Drivers/STM32F1xx_HAL_Driver/Inc/stm32f1xx_hal_tim.h"
 765              		.file 11 "Drivers/STM32F1xx_HAL_Driver/Inc/stm32f1xx_hal.h"
 766              		.file 12 "Core/Inc/tim.h"
 767              		.file 13 "Drivers/STM32F1xx_HAL_Driver/Inc/stm32f1xx_hal_cortex.h"
 768              		.file 14 "Drivers/STM32F1xx_HAL_Driver/Inc/stm32f1xx_hal_tim_ex.h"
 769              		.file 15 "Core/Inc/main.h"
ARM GAS  C:\Users\samoc\AppData\Local\Temp\ccymWNOn.s 			page 22


DEFINED SYMBOLS
                            *ABS*:0000000000000000 tim.c
C:\Users\samoc\AppData\Local\Temp\ccymWNOn.s:16     .text.MX_TIM1_Init:0000000000000000 $t
C:\Users\samoc\AppData\Local\Temp\ccymWNOn.s:24     .text.MX_TIM1_Init:0000000000000000 MX_TIM1_Init
C:\Users\samoc\AppData\Local\Temp\ccymWNOn.s:231    .text.MX_TIM1_Init:00000000000000d4 $d
                            *COM*:0000000000000048 htim1
C:\Users\samoc\AppData\Local\Temp\ccymWNOn.s:237    .text.HAL_TIM_Base_MspInit:0000000000000000 $t
C:\Users\samoc\AppData\Local\Temp\ccymWNOn.s:244    .text.HAL_TIM_Base_MspInit:0000000000000000 HAL_TIM_Base_MspInit
C:\Users\samoc\AppData\Local\Temp\ccymWNOn.s:386    .text.HAL_TIM_Base_MspInit:0000000000000094 $d
C:\Users\samoc\AppData\Local\Temp\ccymWNOn.s:393    .text.HAL_TIM_MspPostInit:0000000000000000 $t
C:\Users\samoc\AppData\Local\Temp\ccymWNOn.s:400    .text.HAL_TIM_MspPostInit:0000000000000000 HAL_TIM_MspPostInit
C:\Users\samoc\AppData\Local\Temp\ccymWNOn.s:480    .text.HAL_TIM_MspPostInit:0000000000000048 $d
C:\Users\samoc\AppData\Local\Temp\ccymWNOn.s:485    .text.MX_TIM2_Init:0000000000000000 $t
C:\Users\samoc\AppData\Local\Temp\ccymWNOn.s:492    .text.MX_TIM2_Init:0000000000000000 MX_TIM2_Init
C:\Users\samoc\AppData\Local\Temp\ccymWNOn.s:669    .text.MX_TIM2_Init:00000000000000b8 $d
                            *COM*:0000000000000048 htim2
C:\Users\samoc\AppData\Local\Temp\ccymWNOn.s:674    .text.HAL_TIM_Base_MspDeInit:0000000000000000 $t
C:\Users\samoc\AppData\Local\Temp\ccymWNOn.s:681    .text.HAL_TIM_Base_MspDeInit:0000000000000000 HAL_TIM_Base_MspDeInit
C:\Users\samoc\AppData\Local\Temp\ccymWNOn.s:746    .text.HAL_TIM_Base_MspDeInit:0000000000000044 $d

UNDEFINED SYMBOLS
HAL_TIM_Base_Init
HAL_TIM_ConfigClockSource
HAL_TIM_IC_Init
HAL_TIMEx_MasterConfigSynchronization
HAL_TIM_IC_ConfigChannel
Error_Handler
HAL_GPIO_Init
HAL_NVIC_SetPriority
HAL_NVIC_EnableIRQ
HAL_TIM_PWM_Init
HAL_TIM_PWM_ConfigChannel
HAL_GPIO_DeInit
HAL_NVIC_DisableIRQ
